Error response from daemon: No such container: "jackett"
Error response from daemon: No such container: "jackett"
Error response from daemon: No such container: "jackett"
Error response from daemon: No such container: "jackett"
Error response from daemon: No such container: "jackett"
Error response from daemon: No such container: "jackett"
Error response from daemon: No such container: "jackett"
Error response from daemon: No such container: "jackett"
Error response from daemon: No such container: "jackett"
Error response from daemon: No such container: "jackett"
Error response from daemon: No such container: "jackett"
Error response from daemon: No such container: "jackett"
Error response from daemon: No such container: "jackett"
Error response from daemon: No such container: "jackett"
Error response from daemon: No such container: "jackett"
Error response from daemon: No such container: "jackett"
Error response from daemon: No such container: "jackett"
Error response from daemon: No such container: "jackett"
Error response from daemon: No such container: "jackett"
Error response from daemon: No such container: "jackett"
02-04 17:50:42 Info Torznab search in The Pirate Bay => Found 12 releases (from cache) [73ms]
02-04 17:50:42 Info Torznab search in The Pirate Bay => Found 12 releases (from cache) [73ms]
02-04 17:50:42 Info Torznab search in The Pirate Bay => Found 12 releases (from cache) [73ms]
02-04 17:50:42 Info Torznab search in The Pirate Bay => Found 12 releases (from cache) [73ms]
02-04 17:50:42 Info Torznab search in The Pirate Bay => Found 12 releases (from cache) [73ms]
02-04 17:50:42 Info Torznab search in The Pirate Bay => Found 12 releases (from cache) [73ms]
02-04 17:50:42 Info Torznab search in The Pirate Bay => Found 12 releases (from cache) [73ms]
02-04 17:50:42 Info Torznab search in The Pirate Bay => Found 12 releases (from cache) [73ms]
02-04 17:50:42 Info Torznab search in The Pirate Bay => Found 12 releases (from cache) [73ms]
02-04 17:50:42 Info Torznab search in TheRARBG => Found 50 releases (from cache) [0ms]
02-04 17:50:42 Info Torznab search in TheRARBG => Found 50 releases (from cache) [0ms]
02-04 17:50:42 Info Torznab search in TheRARBG => Found 50 releases (from cache) [0ms]
02-04 17:50:42 Info Torznab search in TheRARBG => Found 50 releases (from cache) [0ms]
02-04 17:50:42 Info Torznab search in TheRARBG => Found 50 releases (from cache) [0ms]
02-04 17:50:42 Info Torznab search in TheRARBG => Found 50 releases (from cache) [0ms]
02-04 17:50:42 Info Torznab search in TheRARBG => Found 50 releases (from cache) [0ms]
02-04 17:50:42 Info Torznab search in TheRARBG => Found 50 releases (from cache) [0ms]
02-04 17:50:42 Info Torznab search in TheRARBG => Found 50 releases (from cache) [0ms]
02-04 17:50:42 Info Torznab search in Internet Archive => Found 100 releases (from cache) [677ms]
02-04 17:50:42 Info Torznab search in Internet Archive => Found 100 releases (from cache) [677ms]
02-04 17:50:42 Info Torznab search in Internet Archive => Found 100 releases (from cache) [677ms]
02-04 17:50:42 Info Torznab search in Internet Archive => Found 100 releases (from cache) [677ms]
02-04 17:50:42 Info Torznab search in Internet Archive => Found 100 releases (from cache) [677ms]
02-04 17:50:42 Info Torznab search in Internet Archive => Found 100 releases (from cache) [677ms]
02-04 17:50:42 Info Torznab search in Internet Archive => Found 100 releases (from cache) [677ms]
02-04 17:50:42 Info Torznab search in Internet Archive => Found 100 releases (from cache) [677ms]
02-04 17:50:42 Info Torznab search in Internet Archive => Found 100 releases (from cache) [677ms]
02-04 17:50:44 Info Torznab search in EZTV => Found 100 releases [2264ms]
02-04 17:50:44 Info Torznab search in EZTV => Found 100 releases [2264ms]
02-04 17:50:44 Info Torznab search in EZTV => Found 100 releases [2264ms]
02-04 17:50:44 Info Torznab search in EZTV => Found 100 releases [2264ms]
02-04 17:50:44 Info Torznab search in EZTV => Found 100 releases [2264ms]
02-04 17:50:44 Info Torznab search in EZTV => Found 100 releases [2264ms]
02-04 17:50:44 Info Torznab search in EZTV => Found 100 releases [2264ms]
02-04 17:50:44 Info Torznab search in EZTV => Found 100 releases [2264ms]
02-04 17:50:44 Info Torznab search in EZTV => Found 100 releases [2264ms]
